<?xml version="1.0" encoding="utf-8"?><testsuites name="pytest tests"><testsuite name="pytest" errors="0" failures="0" skipped="0" tests="6" time="1.205" timestamp="2026-06-29T16:21:56.194524+00:00" hostname="agent-env-0891f605-9031-46ac-a664-643c65d9dd5c"><testcase classname="tests.test_prarthna_backend.TestContact" name="test_contact_valid_creates" time="0.231" /><testcase classname="tests.test_prarthna_backend.TestGuestbook" name="test_post_and_get_guestbook" time="0.352" /><testcase classname="tests.test_prarthna_backend.TestContact" name="test_contact_invalid_email_422" time="0.058" /><testcase classname="tests.test_prarthna_backend.TestContact" name="test_contact_missing_fields_422" time="0.092" /><testcase classname="tests.test_prarthna_backend.TestGuestbook" name="test_guestbook_invalid_missing_fields" time="0.065" /><testcase classname="tests.test_prarthna_backend.TestRoot" name="test_root_returns_online_message" time="0.059" /></testsuite></testsuites>